{"/Users/aletheia/Sources/aws-hero/projects/openai/build/src/index.js": {"path":"/Users/aletheia/Sources/aws-hero/projects/openai/build/src/index.js","statementMap":{"0":{"start":{"line":2,"column":0},"end":{"line":2,"column":62}},"1":{"start":{"line":3,"column":15},"end":{"line":3,"column":17}},"2":{"start":{"line":4,"column":0},"end":{"line":4,"column":25}}},"fnMap":{},"branchMap":{},"s":{"0":1,"1":1,"2":1},"f":{},"b":{},"inputSourceMap":null,"_coverageSchema":"1a1c01bbd47fc00a2c39e90264f33305004495a9","hash":"3e77e96cd1ba0b4ede36a3c2e93312de4cda2456"}
,"/Users/aletheia/Sources/aws-hero/projects/openai/src/index.ts": {"path":"/Users/aletheia/Sources/aws-hero/projects/openai/src/index.ts","statementMap":{"0":{"start":{"line":1,"column":15},"end":{"line":1,"column":17}},"1":{"start":{"line":2,"column":0},"end":{"line":2,"column":22}}},"fnMap":{},"branchMap":{},"s":{"0":1,"1":1},"f":{},"b":{}}
}
